# JRE version: Java(TM) SE Runtime Environment (8.0_05-b13) (build 1.8.0_05-b13)
# Java VM: Java HotSpot(TM) 64-Bit Server VM (25.5-b02 mixed mode windows-amd64 compressed oops)
Heap:
 PSYoungGen      total 4608K, used 1353K [0x00000000d5c00000, 0x00000000d6200000, 0x0000000100000000)
  eden space 3072K, 18% used [0x00000000d5c00000,0x00000000d5c8a7a8,0x00000000d5f00000)
  from space 1536K, 52% used [0x00000000d6080000,0x00000000d6148000,0x00000000d6200000)
  to   space 1536K, 0% used [0x00000000d5f00000,0x00000000d5f00000,0x00000000d6080000)
 ParOldGen       total 129536K, used 2711K [0x0000000081400000, 0x0000000089280000, 0x00000000d5c00000)
  object space 129536K, 2% used [0x0000000081400000,0x00000000816a5d90,0x0000000089280000)
 Metaspace       used 10425K, capacity 10576K, committed 10624K, reserved 1058816K
  class space    used 1311K, capacity 1372K, committed 1408K, reserved 1048576K
GC Heap History (10 events):
Event: 0.259 GC heap before
{Heap before GC invocations=4 (full 0):
 PSYoungGen      total 1024K, used 1016K [0x00000000d5c00000, 0x00000000d5e00000, 0x0000000100000000)
  eden space 512K, 100% used [0x00000000d5c00000,0x00000000d5c80000,0x00000000d5c80000)
  from space 512K, 98% used [0x00000000d5c80000,0x00000000d5cfe010,0x00000000d5d00000)
  to   space 512K, 0% used [0x00000000d5d80000,0x00000000d5d80000,0x00000000d5e00000)
 ParOldGen       total 129536K, used 432K [0x0000000081400000, 0x0000000089280000, 0x00000000d5c00000)
  object space 129536K, 0% used [0x0000000081400000,0x000000008146c020,0x0000000089280000)
 Metaspace       used 4848K, capacity 4922K, committed 4992K, reserved 1056768K
  class space    used 550K, capacity 577K, committed 640K, reserved 1048576K
Event: 0.261 GC heap after
Heap after GC invocations=4 (full 0):
 PSYoungGen      total 1536K, used 488K [0x00000000d5c00000, 0x00000000d5e00000, 0x0000000100000000)
  eden space 1024K, 0% used [0x00000000d5c00000,0x00000000d5c00000,0x00000000d5d00000)
  from space 512K, 95% used [0x00000000d5d80000,0x00000000d5dfa020,0x00000000d5e00000)
  to   space 512K, 0% used [0x00000000d5d00000,0x00000000d5d00000,0x00000000d5d80000)
 ParOldGen       total 129536K, used 544K [0x0000000081400000, 0x0000000089280000, 0x00000000d5c00000)
  object space 129536K, 0% used [0x0000000081400000,0x0000000081488020,0x0000000089280000)
 Metaspace       used 4848K, capacity 4922K, committed 4992K, reserved 1056768K
  class space    used 550K, capacity 577K, committed 640K, reserved 1048576K
}
Event: 0.409 GC heap before
{Heap before GC invocations=5 (full 0):
 PSYoungGen      total 1536K, used 1512K [0x00000000d5c00000, 0x00000000d5e00000, 0x0000000100000000)
  eden space 1024K, 100% used [0x00000000d5c00000,0x00000000d5d00000,0x00000000d5d00000)
  from space 512K, 95% used [0x00000000d5d80000,0x00000000d5dfa020,0x00000000d5e00000)
  to   space 512K, 0% used [0x00000000d5d00000,0x00000000d5d00000,0x00000000d5d80000)
 ParOldGen       total 129536K, used 544K [0x0000000081400000, 0x0000000089280000, 0x00000000d5c00000)
  object space 129536K, 0% used [0x0000000081400000,0x0000000081488020,0x0000000089280000)
 Metaspace       used 7742K, capacity 7910K, committed 7936K, reserved 1056768K
  class space    used 969K, capacity 1015K, committed 1024K, reserved 1048576K
Event: 0.413 GC heap after
Heap after GC invocations=5 (full 0):
 PSYoungGen      total 1536K, used 504K [0x00000000d5c00000, 0x00000000d6000000, 0x0000000100000000)
  eden space 1024K, 0% used [0x00000000d5c00000,0x00000000d5c00000,0x00000000d5d00000)
  from space 512K, 98% used [0x00000000d5d00000,0x00000000d5d7e010,0x00000000d5d80000)
  to   space 1024K, 0% used [0x00000000d5f00000,0x00000000d5f00000,0x00000000d6000000)
 ParOldGen       total 129536K, used 1064K [0x0000000081400000, 0x0000000089280000, 0x00000000d5c00000)
  object space 129536K, 0% used [0x0000000081400000,0x000000008150a060,0x0000000089280000)
 Metaspace       used 7742K, capacity 7910K, committed 7936K, reserved 1056768K
  class space    used 969K, capacity 1015K, committed 1024K, reserved 1048576K
}
Event: 0.573 GC heap before
{Heap before GC invocations=6 (full 0):
 PSYoungGen      total 1536K, used 1524K [0x00000000d5c00000, 0x00000000d6000000, 0x0000000100000000)
  eden space 1024K, 99% used [0x00000000d5c00000,0x00000000d5cff2b0,0x00000000d5d00000)
  from space 512K, 98% used [0x00000000d5d00000,0x00000000d5d7e010,0x00000000d5d80000)
  to   space 1024K, 0% used [0x00000000d5f00000,0x00000000d5f00000,0x00000000d6000000)
 ParOldGen       total 129536K, used 2399K [0x0000000081400000, 0x0000000089280000, 0x00000000d5c00000)
  object space 129536K, 1% used [0x0000000081400000,0x0000000081657d80,0x0000000089280000)
 Metaspace       used 9520K, capacity 9712K, committed 9728K, reserved 1058816K
  class space    used 1214K, capacity 1276K, committed 1280K, reserved 1048576K
Event: 0.587 GC heap after
Heap after GC invocations=6 (full 0):
 PSYoungGen      total 2560K, used 920K [0x00000000d5c00000, 0x00000000d6100000, 0x0000000100000000)
  eden space 1536K, 0% used [0x00000000d5c00000,0x00000000d5c00000,0x00000000d5d80000)
  from space 1024K, 89% used [0x00000000d5f00000,0x00000000d5fe6010,0x00000000d6000000)
  to   space 1536K, 0% used [0x00000000d5d80000,0x00000000d5d80000,0x00000000d5f00000)
 ParOldGen       total 129536K, used 2407K [0x0000000081400000, 0x0000000089280000, 0x00000000d5c00000)
  object space 129536K, 1% used [0x0000000081400000,0x0000000081659d80,0x0000000089280000)
 Metaspace       used 9520K, capacity 9712K, committed 9728K, reserved 1058816K
  class space    used 1214K, capacity 1276K, committed 1280K, reserved 1048576K
}
Event: 1.198 GC heap before
{Heap before GC invocations=7 (full 0):
 PSYoungGen      total 2560K, used 2456K [0x00000000d5c00000, 0x00000000d6100000, 0x0000000100000000)
  eden space 1536K, 100% used [0x00000000d5c00000,0x00000000d5d80000,0x00000000d5d80000)
  from space 1024K, 89% used [0x00000000d5f00000,0x00000000d5fe6010,0x00000000d6000000)
  to   space 1536K, 0% used [0x00000000d5d80000,0x00000000d5d80000,0x00000000d5f00000)
 ParOldGen       total 129536K, used 2407K [0x0000000081400000, 0x0000000089280000, 0x00000000d5c00000)
  object space 129536K, 1% used [0x0000000081400000,0x0000000081659d80,0x0000000089280000)
 Metaspace       used 10191K, capacity 10352K, committed 10624K, reserved 1058816K
  class space    used 1286K, capacity 1340K, committed 1408K, reserved 1048576K
Event: 1.201 GC heap after
Heap after GC invocations=7 (full 0):
 PSYoungGen      total 3072K, used 1085K [0x00000000d5c00000, 0x00000000d6200000, 0x0000000100000000)
  eden space 1536K, 0% used [0x00000000d5c00000,0x00000000d5c00000,0x00000000d5d80000)
  from space 1536K, 70% used [0x00000000d5d80000,0x00000000d5e8f468,0x00000000d5f00000)
  to   space 1536K, 0% used [0x00000000d6080000,0x00000000d6080000,0x00000000d6200000)
 ParOldGen       total 129536K, used 2583K [0x0000000081400000, 0x0000000089280000, 0x00000000d5c00000)
  object space 129536K, 1% used [0x0000000081400000,0x0000000081685d90,0x0000000089280000)
 Metaspace       used 10191K, capacity 10352K, committed 10624K, reserved 1058816K
  class space    used 1286K, capacity 1340K, committed 1408K, reserved 1048576K
}
Event: 1.327 GC heap before
{Heap before GC invocations=8 (full 0):
 PSYoungGen      total 3072K, used 2621K [0x00000000d5c00000, 0x00000000d6200000, 0x0000000100000000)
  eden space 1536K, 99% used [0x00000000d5c00000,0x00000000d5d7fff8,0x00000000d5d80000)
  from space 1536K, 70% used [0x00000000d5d80000,0x00000000d5e8f468,0x00000000d5f00000)
  to   space 1536K, 0% used [0x00000000d6080000,0x00000000d6080000,0x00000000d6200000)
 ParOldGen       total 129536K, used 2583K [0x0000000081400000, 0x0000000089280000, 0x00000000d5c00000)
  object space 129536K, 1% used [0x0000000081400000,0x0000000081685d90,0x0000000089280000)
 Metaspace       used 10340K, capacity 10512K, committed 10624K, reserved 1058816K
  class space    used 1306K, capacity 1372K, committed 1408K, reserved 1048576K
Event: 1.337 GC heap after
Heap after GC invocations=8 (full 0):
 PSYoungGen      total 4608K, used 800K [0x00000000d5c00000, 0x00000000d6200000, 0x0000000100000000)
  eden space 3072K, 0% used [0x00000000d5c00000,0x00000000d5c00000,0x00000000d5f00000)
  from space 1536K, 52% used [0x00000000d6080000,0x00000000d6148000,0x00000000d6200000)
  to   space 1536K, 0% used [0x00000000d5f00000,0x00000000d5f00000,0x00000000d6080000)
 ParOldGen       total 129536K, used 2711K [0x0000000081400000, 0x0000000089280000, 0x00000000d5c00000)
  object space 129536K, 2% used [0x0000000081400000,0x00000000816a5d90,0x0000000089280000)
 Metaspace       used 10340K, capacity 10512K, committed 10624K, reserved 1058816K
  class space    used 1306K, capacity 1372K, committed 1408K, reserved 1048576K
}

